
## ---------------------- ##
## Running config.status. ##
## ---------------------- ##

This file was extended by GRUB config.status 2.05, which was
generated by GNU Autoconf 2.69.  Invocation command line was

  CONFIG_FILES    = 
  CONFIG_HEADERS  = 
  CONFIG_LINKS    = 
  CONFIG_COMMANDS = 
  $ ../config.status --file=gensyminfo.sh:-

on ThinkPad-T480

config.status:2204: creating gensyminfo.sh

## ---------------------- ##
## Running config.status. ##
## ---------------------- ##

This file was extended by GRUB config.status 2.05, which was
generated by GNU Autoconf 2.69.  Invocation command line was

  CONFIG_FILES    = 
  CONFIG_HEADERS  = 
  CONFIG_LINKS    = 
  CONFIG_COMMANDS = 
  $ ../config.status --file=genmod.sh:-

on ThinkPad-T480

config.status:2204: creating genmod.sh

## ---------------------- ##
## Running config.status. ##
## ---------------------- ##

This file was extended by GRUB config.status 2.05, which was
generated by GNU Autoconf 2.69.  Invocation command line was

  CONFIG_FILES    = 
  CONFIG_HEADERS  = 
  CONFIG_LINKS    = 
  CONFIG_COMMANDS = 
  $ ../config.status --file=modinfo.sh:-

on ThinkPad-T480

config.status:2204: creating modinfo.sh

## ---------------------- ##
## Running config.status. ##
## ---------------------- ##

This file was extended by GRUB config.status 2.05, which was
generated by GNU Autoconf 2.69.  Invocation command line was

  CONFIG_FILES    = 
  CONFIG_HEADERS  = 
  CONFIG_LINKS    = 
  CONFIG_COMMANDS = 
  $ ../config.status --file=gmodule.pl:-

on ThinkPad-T480

config.status:2204: creating gmodule.pl

## ---------------------- ##
## Running config.status. ##
## ---------------------- ##

This file was extended by GRUB config.status 2.05, which was
generated by GNU Autoconf 2.69.  Invocation command line was

  CONFIG_FILES    = 
  CONFIG_HEADERS  = 
  CONFIG_LINKS    = 
  CONFIG_COMMANDS = 
  $ ../config.status --file=gdb_grub:-

on ThinkPad-T480

config.status:2204: creating gdb_grub
