# biosdecode 2.12
VPD present.
	BIOS Build ID: 6DET65WW 
	Box Serial Number: L3AAR0B
	Motherboard Serial Number: 1ZFDS89N4DD
	Machine Type/Model: 7459GW4
SMBIOS 2.4 present.
	Structure Table Length: 2464 bytes
	Structure Table Address: 0x000E0010
	Number Of Structures: 68
	Maximum Structure Size: 120 bytes
BIOS32 Service Directory present.
	Revision: 0
	Calling Interface Address: 0x000FDC80
ACPI 2.0 present.
	OEM Identifier: LENOVO
	RSD Table 32-bit Address: 0x79B5B843
	XSD Table 64-bit Address: 0x0000000079B5B8AB
PNP BIOS 1.0 present.
	Event Notification: Not Supported
	Real Mode 16-bit Code Address: E2CA:1868
	Real Mode 16-bit Data Address: 0040:0000
	16-bit Protected Mode Code Address: 0x000F97BD
	16-bit Protected Mode Data Address: 0x00000400
