# biosdecode 2.12
VPD present.
	BIOS Build ID: 7VET83WW 
	Box Serial Number: R889Z75
	Motherboard Serial Number: VQ11102N32T
	Machine Type/Model: 224397G
SMBIOS 2.4 present.
	Structure Table Length: 2833 bytes
	Structure Table Address: 0x000E0010
	Number Of Structures: 80
	Maximum Structure Size: 120 bytes
BIOS32 Service Directory present.
	Revision: 0
	Calling Interface Address: 0x000FDC50
ACPI 2.0 present.
	OEM Identifier: LENOVO
	RSD Table 32-bit Address: 0xBDB49BBA
	XSD Table 64-bit Address: 0x00000000BDB49C22
PNP BIOS 1.0 present.
	Event Notification: Not Supported
	Real Mode 16-bit Code Address: E13F:1A19
	Real Mode 16-bit Data Address: 0040:0000
	16-bit Protected Mode Code Address: 0x000F8A9D
	16-bit Protected Mode Data Address: 0x00000400
